<?xml version="1.0" encoding="UTF-8"?>
<!-- Generated by org.testng.reporters.JUnitXMLReporter -->
<testsuite ignored="0" hostname="DESKTOP-T64MA69" failures="0" tests="21" name="PetUserTest1" time="29.026" errors="0" timestamp="2024-11-09T17:09:44 IST">
  <testcase classname="api.test.UserTest" name="testPostUser" time="2.363"/>
  <testcase classname="api.test.UserTest" name="getUserByName" time="1.2"/>
  <testcase classname="api.test.UserTest" name="updateUserByUserName" time="2.26"/>
  <testcase classname="api.test.UserTest" name="deleteUserByUserName" time="1.175"/>
  <testcase classname="api.test.DDTests" name="testPostUser" time="1.211"/>
  <testcase classname="api.test.DDTests" name="testPostUser" time="1.198"/>
  <testcase classname="api.test.DDTests" name="testPostUser" time="1.062"/>
  <testcase classname="api.test.DDTests" name="testGetUserByUserNames" time="1.308"/>
  <testcase classname="api.test.DDTests" name="testGetUserByUserNames" time="1.073"/>
  <testcase classname="api.test.DDTests" name="testGetUserByUserNames" time="1.115"/>
  <testcase classname="api.test.DDTests" name="testDeleteByUserNames" time="1.047"/>
  <testcase classname="api.test.DDTests" name="testDeleteByUserNames" time="1.183"/>
  <testcase classname="api.test.DDTests" name="testDeleteByUserNames" time="1.063"/>
  <testcase classname="api.test.PetTest" name="testPostPet" time="1.109"/>
  <testcase classname="api.test.PetTest" name="getPetByPetId" time="1.09"/>
  <testcase classname="api.test.PetTest" name="updatePetByPetId" time="2.49"/>
  <testcase classname="api.test.PetTest" name="deletePetByPetId" time="1.171"/>
  <testcase classname="api.test.StoreTests" name="placeOrder" time="1.098"/>
  <testcase classname="api.test.StoreTests" name="getInventory" time="1.082"/>
  <testcase classname="api.test.StoreTests" name="getOrderByOrderId" time="1.184"/>
  <testcase classname="api.test.StoreTests" name="deleteOrderByOrderId" time="1.083"/>
</testsuite> <!-- PetUserTest1 -->
