<?xml version="1.0" encoding="UTF-8"?>
<!-- Generated by org.testng.reporters.JUnitXMLReporter -->
<testsuite ignored="0" hostname="DESKTOP-T64MA69" failures="0" tests="4" name="Default test" time="6.067" errors="0" timestamp="2024-11-09T17:08:18 IST">
  <testcase classname="api.test.StoreTests" name="placeOrder" time="2.378"/>
  <testcase classname="api.test.StoreTests" name="getInventory" time="1.145"/>
  <testcase classname="api.test.StoreTests" name="getOrderByOrderId" time="1.081"/>
  <testcase classname="api.test.StoreTests" name="deleteOrderByOrderId" time="1.089"/>
</testsuite> <!-- Default test -->
