<?xml version="1.0" encoding="UTF-8"?>
<!-- Generated by org.testng.reporters.JUnitXMLReporter -->
<testsuite ignored="0" hostname="DESKTOP-T64MA69" failures="0" tests="21" name="PetUserTest1" time="29.575" errors="0" timestamp="2024-11-09T17:15:10 IST">
  <testcase classname="api.test.UserTest" name="testPostUser" time="2.726"/>
  <testcase classname="api.test.UserTest" name="getUserByName" time="1.225"/>
  <testcase classname="api.test.UserTest" name="updateUserByUserName" time="2.276"/>
  <testcase classname="api.test.UserTest" name="deleteUserByUserName" time="1.266"/>
  <testcase classname="api.test.DDTests" name="testPostUser" time="1.101"/>
  <testcase classname="api.test.DDTests" name="testPostUser" time="1.102"/>
  <testcase classname="api.test.DDTests" name="testPostUser" time="1.16"/>
  <testcase classname="api.test.DDTests" name="testGetUserByUserNames" time="1.211"/>
  <testcase classname="api.test.DDTests" name="testGetUserByUserNames" time="1.17"/>
  <testcase classname="api.test.DDTests" name="testGetUserByUserNames" time="1.061"/>
  <testcase classname="api.test.DDTests" name="testDeleteByUserNames" time="1.082"/>
  <testcase classname="api.test.DDTests" name="testDeleteByUserNames" time="1.068"/>
  <testcase classname="api.test.DDTests" name="testDeleteByUserNames" time="1.185"/>
  <testcase classname="api.test.PetTest" name="testPostPet" time="1.197"/>
  <testcase classname="api.test.PetTest" name="getPetByPetId" time="1.083"/>
  <testcase classname="api.test.PetTest" name="updatePetByPetId" time="2.301"/>
  <testcase classname="api.test.PetTest" name="deletePetByPetId" time="1.127"/>
  <testcase classname="api.test.StoreTests" name="placeOrder" time="1.206"/>
  <testcase classname="api.test.StoreTests" name="getInventory" time="1.099"/>
  <testcase classname="api.test.StoreTests" name="getOrderByOrderId" time="1.069"/>
  <testcase classname="api.test.StoreTests" name="deleteOrderByOrderId" time="1.084"/>
</testsuite> <!-- PetUserTest1 -->
