<?xml version="1.0" encoding="UTF-8"?>
<testng-results ignored="0" total="21" passed="21" failed="0" skipped="0">
  <reporter-output>
  </reporter-output>
  <suite started-at="2024-11-09T17:14:40 IST" name="PetSuite1" finished-at="2024-11-09T17:15:10 IST" duration-ms="29575">
    <groups>
    </groups>
    <test started-at="2024-11-09T17:14:40 IST" name="PetUserTest1" finished-at="2024-11-09T17:15:10 IST" duration-ms="29575">
      <class name="api.test.PetTest">
        <test-method is-config="true" signature="setup()[pri:0, instance:api.test.PetTest@293a5bf6]" started-at="2024-11-09T17:15:00 IST" name="setup" finished-at="2024-11-09T17:15:00 IST" duration-ms="43" status="PASS">
          <reporter-output>
          </reporter-output>
        </test-method> <!-- setup -->
        <test-method signature="testPostPet()[pri:1, instance:api.test.PetTest@293a5bf6]" started-at="2024-11-09T17:15:00 IST" name="testPostPet" description="TC-005" finished-at="2024-11-09T17:15:01 IST" duration-ms="1197" status="PASS">
          <reporter-output>
          </reporter-output>
        </test-method> <!-- testPostPet -->
        <test-method signature="getPetByPetId()[pri:2, instance:api.test.PetTest@293a5bf6]" started-at="2024-11-09T17:15:01 IST" name="getPetByPetId" description="TC-006" finished-at="2024-11-09T17:15:02 IST" duration-ms="1083" status="PASS">
          <reporter-output>
          </reporter-output>
        </test-method> <!-- getPetByPetId -->
        <test-method signature="updatePetByPetId()[pri:3, instance:api.test.PetTest@293a5bf6]" started-at="2024-11-09T17:15:02 IST" name="updatePetByPetId" description="TC-007" finished-at="2024-11-09T17:15:04 IST" duration-ms="2301" status="PASS">
          <reporter-output>
          </reporter-output>
        </test-method> <!-- updatePetByPetId -->
        <test-method signature="deletePetByPetId()[pri:4, instance:api.test.PetTest@293a5bf6]" started-at="2024-11-09T17:15:04 IST" name="deletePetByPetId" description="TC-008" finished-at="2024-11-09T17:15:05 IST" duration-ms="1127" status="PASS">
          <reporter-output>
          </reporter-output>
        </test-method> <!-- deletePetByPetId -->
      </class> <!-- api.test.PetTest -->
      <class name="api.test.UserTest">
        <test-method is-config="true" signature="setup()[pri:0, instance:api.test.UserTest@1bd4fdd]" started-at="2024-11-09T17:14:41 IST" name="setup" finished-at="2024-11-09T17:14:41 IST" duration-ms="516" status="PASS">
          <reporter-output>
          </reporter-output>
        </test-method> <!-- setup -->
        <test-method signature="testPostUser()[pri:1, instance:api.test.UserTest@1bd4fdd]" started-at="2024-11-09T17:14:41 IST" name="testPostUser" description="TC-001" finished-at="2024-11-09T17:14:44 IST" duration-ms="2726" status="PASS">
          <reporter-output>
          </reporter-output>
        </test-method> <!-- testPostUser -->
        <test-method signature="getUserByName()[pri:2, instance:api.test.UserTest@1bd4fdd]" started-at="2024-11-09T17:14:44 IST" name="getUserByName" description="TC-002" finished-at="2024-11-09T17:14:45 IST" duration-ms="1225" status="PASS">
          <reporter-output>
          </reporter-output>
        </test-method> <!-- getUserByName -->
        <test-method signature="updateUserByUserName()[pri:3, instance:api.test.UserTest@1bd4fdd]" started-at="2024-11-09T17:14:45 IST" name="updateUserByUserName" description="TC-003" finished-at="2024-11-09T17:14:47 IST" duration-ms="2276" status="PASS">
          <reporter-output>
          </reporter-output>
        </test-method> <!-- updateUserByUserName -->
        <test-method signature="deleteUserByUserName()[pri:4, instance:api.test.UserTest@1bd4fdd]" started-at="2024-11-09T17:14:47 IST" name="deleteUserByUserName" description="TC-004" finished-at="2024-11-09T17:14:49 IST" duration-ms="1266" status="PASS">
          <reporter-output>
          </reporter-output>
        </test-method> <!-- deleteUserByUserName -->
      </class> <!-- api.test.UserTest -->
      <class name="api.test.StoreTests">
        <test-method is-config="true" signature="setup()[pri:0, instance:api.test.StoreTests@6aeb35e6]" started-at="2024-11-09T17:15:05 IST" name="setup" finished-at="2024-11-09T17:15:05 IST" duration-ms="5" status="PASS">
          <reporter-output>
          </reporter-output>
        </test-method> <!-- setup -->
        <test-method signature="placeOrder()[pri:1, instance:api.test.StoreTests@6aeb35e6]" started-at="2024-11-09T17:15:05 IST" name="placeOrder" description="TC-009" finished-at="2024-11-09T17:15:07 IST" duration-ms="1206" status="PASS">
          <reporter-output>
          </reporter-output>
        </test-method> <!-- placeOrder -->
        <test-method signature="getInventory()[pri:2, instance:api.test.StoreTests@6aeb35e6]" started-at="2024-11-09T17:15:07 IST" name="getInventory" description="TC-011" finished-at="2024-11-09T17:15:08 IST" duration-ms="1099" status="PASS">
          <reporter-output>
          </reporter-output>
        </test-method> <!-- getInventory -->
        <test-method signature="getOrderByOrderId()[pri:2, instance:api.test.StoreTests@6aeb35e6]" started-at="2024-11-09T17:15:08 IST" name="getOrderByOrderId" description="TC-010" finished-at="2024-11-09T17:15:09 IST" duration-ms="1069" status="PASS">
          <reporter-output>
          </reporter-output>
        </test-method> <!-- getOrderByOrderId -->
        <test-method signature="deleteOrderByOrderId()[pri:4, instance:api.test.StoreTests@6aeb35e6]" started-at="2024-11-09T17:15:09 IST" name="deleteOrderByOrderId" description="TC-012" finished-at="2024-11-09T17:15:10 IST" duration-ms="1084" status="PASS">
          <reporter-output>
          </reporter-output>
        </test-method> <!-- deleteOrderByOrderId -->
      </class> <!-- api.test.StoreTests -->
      <class name="api.test.DDTests">
        <test-method is-config="true" signature="setup()[pri:0, instance:api.test.DDTests@42a48628]" started-at="2024-11-09T17:14:49 IST" name="setup" finished-at="2024-11-09T17:14:49 IST" duration-ms="1" status="PASS">
          <reporter-output>
          </reporter-output>
        </test-method> <!-- setup -->
        <test-method signature="testPostUser(java.lang.String,java.lang.String,java.lang.String,java.lang.String,java.lang.String,java.lang.String,java.lang.String)[pri:1, instance:api.test.DDTests@42a48628]" started-at="2024-11-09T17:14:49 IST" name="testPostUser" description="Create-Users" data-provider="Data" finished-at="2024-11-09T17:14:51 IST" duration-ms="1101" status="PASS">
          <params>
            <param index="0">
              <value>
                <![CDATA[1010]]>
              </value>
            </param>
            <param index="1">
              <value>
                <![CDATA[testUser1]]>
              </value>
            </param>
            <param index="2">
              <value>
                <![CDATA[John]]>
              </value>
            </param>
            <param index="3">
              <value>
                <![CDATA[Canedy]]>
              </value>
            </param>
            <param index="4">
              <value>
                <![CDATA[a@gmail.com]]>
              </value>
            </param>
            <param index="5">
              <value>
                <![CDATA[test@1]]>
              </value>
            </param>
            <param index="6">
              <value>
                <![CDATA[1234567897]]>
              </value>
            </param>
          </params>
          <reporter-output>
          </reporter-output>
        </test-method> <!-- testPostUser -->
        <test-method signature="testPostUser(java.lang.String,java.lang.String,java.lang.String,java.lang.String,java.lang.String,java.lang.String,java.lang.String)[pri:1, instance:api.test.DDTests@42a48628]" started-at="2024-11-09T17:14:51 IST" name="testPostUser" description="Create-Users" data-provider="Data" finished-at="2024-11-09T17:14:52 IST" duration-ms="1102" status="PASS">
          <params>
            <param index="0">
              <value>
                <![CDATA[1020]]>
              </value>
            </param>
            <param index="1">
              <value>
                <![CDATA[testUser2]]>
              </value>
            </param>
            <param index="2">
              <value>
                <![CDATA[Kim]]>
              </value>
            </param>
            <param index="3">
              <value>
                <![CDATA[Kom]]>
              </value>
            </param>
            <param index="4">
              <value>
                <![CDATA[b@gmail.com]]>
              </value>
            </param>
            <param index="5">
              <value>
                <![CDATA[test@2]]>
              </value>
            </param>
            <param index="6">
              <value>
                <![CDATA[1234567897]]>
              </value>
            </param>
          </params>
          <reporter-output>
          </reporter-output>
        </test-method> <!-- testPostUser -->
        <test-method signature="testPostUser(java.lang.String,java.lang.String,java.lang.String,java.lang.String,java.lang.String,java.lang.String,java.lang.String)[pri:1, instance:api.test.DDTests@42a48628]" started-at="2024-11-09T17:14:52 IST" name="testPostUser" description="Create-Users" data-provider="Data" finished-at="2024-11-09T17:14:53 IST" duration-ms="1160" status="PASS">
          <params>
            <param index="0">
              <value>
                <![CDATA[1030]]>
              </value>
            </param>
            <param index="1">
              <value>
                <![CDATA[testUser3]]>
              </value>
            </param>
            <param index="2">
              <value>
                <![CDATA[Smith]]>
              </value>
            </param>
            <param index="3">
              <value>
                <![CDATA[Steve]]>
              </value>
            </param>
            <param index="4">
              <value>
                <![CDATA[c@gmail.com]]>
              </value>
            </param>
            <param index="5">
              <value>
                <![CDATA[test@3]]>
              </value>
            </param>
            <param index="6">
              <value>
                <![CDATA[1234567897]]>
              </value>
            </param>
          </params>
          <reporter-output>
          </reporter-output>
        </test-method> <!-- testPostUser -->
        <test-method signature="testGetUserByUserNames(java.lang.String)[pri:2, instance:api.test.DDTests@42a48628]" started-at="2024-11-09T17:14:53 IST" name="testGetUserByUserNames" description="Get-Users" data-provider="UserNames" finished-at="2024-11-09T17:14:54 IST" duration-ms="1211" status="PASS">
          <params>
            <param index="0">
              <value>
                <![CDATA[testUser1]]>
              </value>
            </param>
          </params>
          <reporter-output>
          </reporter-output>
        </test-method> <!-- testGetUserByUserNames -->
        <test-method signature="testGetUserByUserNames(java.lang.String)[pri:2, instance:api.test.DDTests@42a48628]" started-at="2024-11-09T17:14:54 IST" name="testGetUserByUserNames" description="Get-Users" data-provider="UserNames" finished-at="2024-11-09T17:14:55 IST" duration-ms="1170" status="PASS">
          <params>
            <param index="0">
              <value>
                <![CDATA[testUser2]]>
              </value>
            </param>
          </params>
          <reporter-output>
          </reporter-output>
        </test-method> <!-- testGetUserByUserNames -->
        <test-method signature="testGetUserByUserNames(java.lang.String)[pri:2, instance:api.test.DDTests@42a48628]" started-at="2024-11-09T17:14:55 IST" name="testGetUserByUserNames" description="Get-Users" data-provider="UserNames" finished-at="2024-11-09T17:14:56 IST" duration-ms="1061" status="PASS">
          <params>
            <param index="0">
              <value>
                <![CDATA[testUser3]]>
              </value>
            </param>
          </params>
          <reporter-output>
          </reporter-output>
        </test-method> <!-- testGetUserByUserNames -->
        <test-method signature="testDeleteByUserNames(java.lang.String)[pri:3, instance:api.test.DDTests@42a48628]" started-at="2024-11-09T17:14:56 IST" name="testDeleteByUserNames" description="Delete-Users" data-provider="UserNames" finished-at="2024-11-09T17:14:57 IST" duration-ms="1082" status="PASS">
          <params>
            <param index="0">
              <value>
                <![CDATA[testUser1]]>
              </value>
            </param>
          </params>
          <reporter-output>
          </reporter-output>
        </test-method> <!-- testDeleteByUserNames -->
        <test-method signature="testDeleteByUserNames(java.lang.String)[pri:3, instance:api.test.DDTests@42a48628]" started-at="2024-11-09T17:14:57 IST" name="testDeleteByUserNames" description="Delete-Users" data-provider="UserNames" finished-at="2024-11-09T17:14:58 IST" duration-ms="1068" status="PASS">
          <params>
            <param index="0">
              <value>
                <![CDATA[testUser2]]>
              </value>
            </param>
          </params>
          <reporter-output>
          </reporter-output>
        </test-method> <!-- testDeleteByUserNames -->
        <test-method signature="testDeleteByUserNames(java.lang.String)[pri:3, instance:api.test.DDTests@42a48628]" started-at="2024-11-09T17:14:58 IST" name="testDeleteByUserNames" description="Delete-Users" data-provider="UserNames" finished-at="2024-11-09T17:15:00 IST" duration-ms="1185" status="PASS">
          <params>
            <param index="0">
              <value>
                <![CDATA[testUser3]]>
              </value>
            </param>
          </params>
          <reporter-output>
          </reporter-output>
        </test-method> <!-- testDeleteByUserNames -->
      </class> <!-- api.test.DDTests -->
    </test> <!-- PetUserTest1 -->
  </suite> <!-- PetSuite1 -->
</testng-results>
