<?xml version="1.0" encoding="UTF-8"?>
<testng-results ignored="0" total="21" passed="21" failed="0" skipped="0">
  <reporter-output>
  </reporter-output>
  <suite started-at="2024-11-09T17:09:15 IST" name="PetSuite1" finished-at="2024-11-09T17:09:44 IST" duration-ms="29026">
    <groups>
    </groups>
    <test started-at="2024-11-09T17:09:15 IST" name="PetUserTest1" finished-at="2024-11-09T17:09:44 IST" duration-ms="29026">
      <class name="api.test.PetTest">
        <test-method is-config="true" signature="setup()[pri:0, instance:api.test.PetTest@36bc55de]" started-at="2024-11-09T17:09:34 IST" name="setup" finished-at="2024-11-09T17:09:34 IST" duration-ms="27" status="PASS">
          <reporter-output>
          </reporter-output>
        </test-method> <!-- setup -->
        <test-method signature="testPostPet()[pri:1, instance:api.test.PetTest@36bc55de]" started-at="2024-11-09T17:09:34 IST" name="testPostPet" description="TC-005" finished-at="2024-11-09T17:09:35 IST" duration-ms="1109" status="PASS">
          <reporter-output>
          </reporter-output>
        </test-method> <!-- testPostPet -->
        <test-method signature="getPetByPetId()[pri:2, instance:api.test.PetTest@36bc55de]" started-at="2024-11-09T17:09:35 IST" name="getPetByPetId" description="TC-006" finished-at="2024-11-09T17:09:36 IST" duration-ms="1090" status="PASS">
          <reporter-output>
          </reporter-output>
        </test-method> <!-- getPetByPetId -->
        <test-method signature="updatePetByPetId()[pri:3, instance:api.test.PetTest@36bc55de]" started-at="2024-11-09T17:09:36 IST" name="updatePetByPetId" description="TC-007" finished-at="2024-11-09T17:09:38 IST" duration-ms="2490" status="PASS">
          <reporter-output>
          </reporter-output>
        </test-method> <!-- updatePetByPetId -->
        <test-method signature="deletePetByPetId()[pri:4, instance:api.test.PetTest@36bc55de]" started-at="2024-11-09T17:09:38 IST" name="deletePetByPetId" description="TC-008" finished-at="2024-11-09T17:09:40 IST" duration-ms="1171" status="PASS">
          <reporter-output>
          </reporter-output>
        </test-method> <!-- deletePetByPetId -->
      </class> <!-- api.test.PetTest -->
      <class name="api.test.UserTest">
        <test-method is-config="true" signature="setup()[pri:0, instance:api.test.UserTest@72d1ad2e]" started-at="2024-11-09T17:09:15 IST" name="setup" finished-at="2024-11-09T17:09:16 IST" duration-ms="453" status="PASS">
          <reporter-output>
          </reporter-output>
        </test-method> <!-- setup -->
        <test-method signature="testPostUser()[pri:1, instance:api.test.UserTest@72d1ad2e]" started-at="2024-11-09T17:09:16 IST" name="testPostUser" description="TC-001" finished-at="2024-11-09T17:09:18 IST" duration-ms="2363" status="PASS">
          <reporter-output>
          </reporter-output>
        </test-method> <!-- testPostUser -->
        <test-method signature="getUserByName()[pri:2, instance:api.test.UserTest@72d1ad2e]" started-at="2024-11-09T17:09:18 IST" name="getUserByName" description="TC-002" finished-at="2024-11-09T17:09:19 IST" duration-ms="1200" status="PASS">
          <reporter-output>
          </reporter-output>
        </test-method> <!-- getUserByName -->
        <test-method signature="updateUserByUserName()[pri:3, instance:api.test.UserTest@72d1ad2e]" started-at="2024-11-09T17:09:19 IST" name="updateUserByUserName" description="TC-003" finished-at="2024-11-09T17:09:22 IST" duration-ms="2260" status="PASS">
          <reporter-output>
          </reporter-output>
        </test-method> <!-- updateUserByUserName -->
        <test-method signature="deleteUserByUserName()[pri:4, instance:api.test.UserTest@72d1ad2e]" started-at="2024-11-09T17:09:22 IST" name="deleteUserByUserName" description="TC-004" finished-at="2024-11-09T17:09:23 IST" duration-ms="1175" status="PASS">
          <reporter-output>
          </reporter-output>
        </test-method> <!-- deleteUserByUserName -->
      </class> <!-- api.test.UserTest -->
      <class name="api.test.DDTests">
        <test-method is-config="true" signature="setup()[pri:0, instance:api.test.DDTests@1189dd52]" started-at="2024-11-09T17:09:23 IST" name="setup" finished-at="2024-11-09T17:09:23 IST" duration-ms="0" status="PASS">
          <reporter-output>
          </reporter-output>
        </test-method> <!-- setup -->
        <test-method signature="testPostUser(java.lang.String,java.lang.String,java.lang.String,java.lang.String,java.lang.String,java.lang.String,java.lang.String)[pri:1, instance:api.test.DDTests@1189dd52]" started-at="2024-11-09T17:09:23 IST" name="testPostUser" description="Create-Users" data-provider="Data" finished-at="2024-11-09T17:09:25 IST" duration-ms="1211" status="PASS">
          <params>
            <param index="0">
              <value>
                <![CDATA[1010]]>
              </value>
            </param>
            <param index="1">
              <value>
                <![CDATA[testUser1]]>
              </value>
            </param>
            <param index="2">
              <value>
                <![CDATA[John]]>
              </value>
            </param>
            <param index="3">
              <value>
                <![CDATA[Canedy]]>
              </value>
            </param>
            <param index="4">
              <value>
                <![CDATA[a@gmail.com]]>
              </value>
            </param>
            <param index="5">
              <value>
                <![CDATA[test@1]]>
              </value>
            </param>
            <param index="6">
              <value>
                <![CDATA[1234567897]]>
              </value>
            </param>
          </params>
          <reporter-output>
          </reporter-output>
        </test-method> <!-- testPostUser -->
        <test-method signature="testPostUser(java.lang.String,java.lang.String,java.lang.String,java.lang.String,java.lang.String,java.lang.String,java.lang.String)[pri:1, instance:api.test.DDTests@1189dd52]" started-at="2024-11-09T17:09:25 IST" name="testPostUser" description="Create-Users" data-provider="Data" finished-at="2024-11-09T17:09:26 IST" duration-ms="1198" status="PASS">
          <params>
            <param index="0">
              <value>
                <![CDATA[1020]]>
              </value>
            </param>
            <param index="1">
              <value>
                <![CDATA[testUser2]]>
              </value>
            </param>
            <param index="2">
              <value>
                <![CDATA[Kim]]>
              </value>
            </param>
            <param index="3">
              <value>
                <![CDATA[Kom]]>
              </value>
            </param>
            <param index="4">
              <value>
                <![CDATA[b@gmail.com]]>
              </value>
            </param>
            <param index="5">
              <value>
                <![CDATA[test@2]]>
              </value>
            </param>
            <param index="6">
              <value>
                <![CDATA[1234567897]]>
              </value>
            </param>
          </params>
          <reporter-output>
          </reporter-output>
        </test-method> <!-- testPostUser -->
        <test-method signature="testPostUser(java.lang.String,java.lang.String,java.lang.String,java.lang.String,java.lang.String,java.lang.String,java.lang.String)[pri:1, instance:api.test.DDTests@1189dd52]" started-at="2024-11-09T17:09:26 IST" name="testPostUser" description="Create-Users" data-provider="Data" finished-at="2024-11-09T17:09:27 IST" duration-ms="1062" status="PASS">
          <params>
            <param index="0">
              <value>
                <![CDATA[1030]]>
              </value>
            </param>
            <param index="1">
              <value>
                <![CDATA[testUser3]]>
              </value>
            </param>
            <param index="2">
              <value>
                <![CDATA[Smith]]>
              </value>
            </param>
            <param index="3">
              <value>
                <![CDATA[Steve]]>
              </value>
            </param>
            <param index="4">
              <value>
                <![CDATA[c@gmail.com]]>
              </value>
            </param>
            <param index="5">
              <value>
                <![CDATA[test@3]]>
              </value>
            </param>
            <param index="6">
              <value>
                <![CDATA[1234567897]]>
              </value>
            </param>
          </params>
          <reporter-output>
          </reporter-output>
        </test-method> <!-- testPostUser -->
        <test-method signature="testGetUserByUserNames(java.lang.String)[pri:2, instance:api.test.DDTests@1189dd52]" started-at="2024-11-09T17:09:27 IST" name="testGetUserByUserNames" description="Get-Users" data-provider="UserNames" finished-at="2024-11-09T17:09:28 IST" duration-ms="1308" status="PASS">
          <params>
            <param index="0">
              <value>
                <![CDATA[testUser1]]>
              </value>
            </param>
          </params>
          <reporter-output>
          </reporter-output>
        </test-method> <!-- testGetUserByUserNames -->
        <test-method signature="testGetUserByUserNames(java.lang.String)[pri:2, instance:api.test.DDTests@1189dd52]" started-at="2024-11-09T17:09:28 IST" name="testGetUserByUserNames" description="Get-Users" data-provider="UserNames" finished-at="2024-11-09T17:09:29 IST" duration-ms="1073" status="PASS">
          <params>
            <param index="0">
              <value>
                <![CDATA[testUser2]]>
              </value>
            </param>
          </params>
          <reporter-output>
          </reporter-output>
        </test-method> <!-- testGetUserByUserNames -->
        <test-method signature="testGetUserByUserNames(java.lang.String)[pri:2, instance:api.test.DDTests@1189dd52]" started-at="2024-11-09T17:09:29 IST" name="testGetUserByUserNames" description="Get-Users" data-provider="UserNames" finished-at="2024-11-09T17:09:30 IST" duration-ms="1115" status="PASS">
          <params>
            <param index="0">
              <value>
                <![CDATA[testUser3]]>
              </value>
            </param>
          </params>
          <reporter-output>
          </reporter-output>
        </test-method> <!-- testGetUserByUserNames -->
        <test-method signature="testDeleteByUserNames(java.lang.String)[pri:3, instance:api.test.DDTests@1189dd52]" started-at="2024-11-09T17:09:30 IST" name="testDeleteByUserNames" description="Delete-Users" data-provider="UserNames" finished-at="2024-11-09T17:09:31 IST" duration-ms="1047" status="PASS">
          <params>
            <param index="0">
              <value>
                <![CDATA[testUser1]]>
              </value>
            </param>
          </params>
          <reporter-output>
          </reporter-output>
        </test-method> <!-- testDeleteByUserNames -->
        <test-method signature="testDeleteByUserNames(java.lang.String)[pri:3, instance:api.test.DDTests@1189dd52]" started-at="2024-11-09T17:09:31 IST" name="testDeleteByUserNames" description="Delete-Users" data-provider="UserNames" finished-at="2024-11-09T17:09:33 IST" duration-ms="1183" status="PASS">
          <params>
            <param index="0">
              <value>
                <![CDATA[testUser2]]>
              </value>
            </param>
          </params>
          <reporter-output>
          </reporter-output>
        </test-method> <!-- testDeleteByUserNames -->
        <test-method signature="testDeleteByUserNames(java.lang.String)[pri:3, instance:api.test.DDTests@1189dd52]" started-at="2024-11-09T17:09:33 IST" name="testDeleteByUserNames" description="Delete-Users" data-provider="UserNames" finished-at="2024-11-09T17:09:34 IST" duration-ms="1063" status="PASS">
          <params>
            <param index="0">
              <value>
                <![CDATA[testUser3]]>
              </value>
            </param>
          </params>
          <reporter-output>
          </reporter-output>
        </test-method> <!-- testDeleteByUserNames -->
      </class> <!-- api.test.DDTests -->
      <class name="api.test.StoreTests">
        <test-method is-config="true" signature="setup()[pri:0, instance:api.test.StoreTests@564fabc8]" started-at="2024-11-09T17:09:40 IST" name="setup" finished-at="2024-11-09T17:09:40 IST" duration-ms="1" status="PASS">
          <reporter-output>
          </reporter-output>
        </test-method> <!-- setup -->
        <test-method signature="placeOrder()[pri:1, instance:api.test.StoreTests@564fabc8]" started-at="2024-11-09T17:09:40 IST" name="placeOrder" description="TC-009" finished-at="2024-11-09T17:09:41 IST" duration-ms="1098" status="PASS">
          <reporter-output>
          </reporter-output>
        </test-method> <!-- placeOrder -->
        <test-method signature="getInventory()[pri:2, instance:api.test.StoreTests@564fabc8]" started-at="2024-11-09T17:09:41 IST" name="getInventory" description="TC-011" finished-at="2024-11-09T17:09:42 IST" duration-ms="1082" status="PASS">
          <reporter-output>
          </reporter-output>
        </test-method> <!-- getInventory -->
        <test-method signature="getOrderByOrderId()[pri:2, instance:api.test.StoreTests@564fabc8]" started-at="2024-11-09T17:09:42 IST" name="getOrderByOrderId" description="TC-010" finished-at="2024-11-09T17:09:43 IST" duration-ms="1184" status="PASS">
          <reporter-output>
          </reporter-output>
        </test-method> <!-- getOrderByOrderId -->
        <test-method signature="deleteOrderByOrderId()[pri:4, instance:api.test.StoreTests@564fabc8]" started-at="2024-11-09T17:09:43 IST" name="deleteOrderByOrderId" description="TC-012" finished-at="2024-11-09T17:09:44 IST" duration-ms="1083" status="PASS">
          <reporter-output>
          </reporter-output>
        </test-method> <!-- deleteOrderByOrderId -->
      </class> <!-- api.test.StoreTests -->
    </test> <!-- PetUserTest1 -->
  </suite> <!-- PetSuite1 -->
</testng-results>
